<?xml version="1.0" encoding="utf-8"?><testsuites name="pytest tests"><testsuite name="pytest" errors="0" failures="0" skipped="0" tests="12" time="2.419" timestamp="2026-03-08T06:57:56.140740+00:00" hostname="agent-env-cd143c69-f93c-4c69-a2e5-480a5b50f096"><testcase classname="backend.tests.test_site_expenditure.TestEstimatedSiteExpenditure" name="test_get_site_expenditure_returns_200" time="0.610" /><testcase classname="backend.tests.test_site_expenditure.TestEstimatedSiteExpenditure" name="test_get_site_expenditure_has_correct_fields" time="0.101" /><testcase classname="backend.tests.test_site_expenditure.TestEstimatedSiteExpenditure" name="test_post_site_expenditure_creates_record" time="0.118" /><testcase classname="backend.tests.test_site_expenditure.TestEstimatedSiteExpenditure" name="test_post_site_expenditure_calculates_total" time="0.117" /><testcase classname="backend.tests.test_site_expenditure.TestActualSiteExpenditure" name="test_get_actual_expenditure_returns_200" time="0.112" /><testcase classname="backend.tests.test_site_expenditure.TestActualSiteExpenditure" name="test_get_actual_expenditure_requires_quarter_and_year" time="0.227" /><testcase classname="backend.tests.test_site_expenditure.TestActualSiteExpenditure" name="test_post_actual_expenditure_creates_record" time="0.089" /><testcase classname="backend.tests.test_site_expenditure.TestActualSiteExpenditure" name="test_actual_expenditure_calculates_total" time="0.105" /><testcase classname="backend.tests.test_site_expenditure.TestActualSiteExpenditure" name="test_actual_expenditure_persists_by_quarter" time="0.406" /><testcase classname="backend.tests.test_site_expenditure.TestDataFlowToProjectCosts" name="test_estimated_development_cost_includes_site_expenditure" time="0.205" /><testcase classname="backend.tests.test_site_expenditure.TestEdgeCases" name="test_actual_expenditure_nonexistent_project_returns_defaults" time="0.102" /><testcase classname="backend.tests.test_site_expenditure.TestEdgeCases" name="test_post_with_zero_values" time="0.116" /></testsuite></testsuites>