<?xml version="1.0" encoding="utf-8"?><testsuites name="pytest tests"><testsuite name="pytest" errors="0" failures="0" skipped="0" tests="18" time="8.220" timestamp="2026-03-07T06:46:52.444730+00:00" hostname="agent-env-f6514f71-ba33-404c-99fe-6d20792cfbbc"><testcase classname="backend.tests.test_pdf_generation.TestAuthentication" name="test_login_success" time="0.368" /><testcase classname="backend.tests.test_pdf_generation.TestPDFGeneration" name="test_form1_pdf_generation" time="0.453" /><testcase classname="backend.tests.test_pdf_generation.TestPDFGeneration" name="test_form3_pdf_generation" time="0.430" /><testcase classname="backend.tests.test_pdf_generation.TestPDFGeneration" name="test_form4_pdf_generation" time="0.432" /><testcase classname="backend.tests.test_pdf_generation.TestPDFGeneration" name="test_annexure_a_pdf_generation" time="0.436" /><testcase classname="backend.tests.test_pdf_generation.TestPDFGeneration" name="test_invalid_report_type" time="0.428" /><testcase classname="backend.tests.test_pdf_generation.TestPDFGeneration" name="test_nonexistent_project" time="0.437" /><testcase classname="backend.tests.test_pdf_generation.TestPDFGeneration" name="test_missing_quarter_parameter" time="0.432" /><testcase classname="backend.tests.test_pdf_generation.TestPDFGeneration" name="test_missing_year_parameter" time="0.423" /><testcase classname="backend.tests.test_pdf_generation.TestPDFGeneration" name="test_pdf_filename_header" time="0.429" /><testcase classname="backend.tests.test_pdf_generation.TestPDFGeneration" name="test_different_quarters" time="0.794" /><testcase classname="backend.tests.test_pdf_generation.TestDataPersistence" name="test_get_project_exists" time="0.458" /><testcase classname="backend.tests.test_pdf_generation.TestDataPersistence" name="test_get_buildings_for_project" time="0.421" /><testcase classname="backend.tests.test_pdf_generation.TestDataPersistence" name="test_get_construction_progress" time="0.435" /><testcase classname="backend.tests.test_pdf_generation.TestReportPreview" name="test_form1_preview" time="0.439" /><testcase classname="backend.tests.test_pdf_generation.TestReportPreview" name="test_form3_preview" time="0.447" /><testcase classname="backend.tests.test_pdf_generation.TestReportPreview" name="test_form4_preview" time="0.446" /><testcase classname="backend.tests.test_pdf_generation.TestReportPreview" name="test_annexure_a_preview" time="0.440" /></testsuite></testsuites>