<?xml version="1.0" encoding="utf-8"?><testsuites name="pytest tests"><testsuite name="pytest" errors="0" failures="0" skipped="0" tests="9" time="5.657" timestamp="2026-03-08T10:10:39.370551+00:00" hostname="agent-env-cd143c69-f93c-4c69-a2e5-480a5b50f096"><testcase classname="backend.tests.test_land_cost.TestLandCostAPI" name="test_get_land_cost_returns_200" time="0.658" /><testcase classname="backend.tests.test_land_cost.TestLandCostAPI" name="test_get_land_cost_returns_correct_structure" time="0.587" /><testcase classname="backend.tests.test_land_cost.TestLandCostAPI" name="test_post_land_cost_saves_data" time="0.587" /><testcase classname="backend.tests.test_land_cost.TestLandCostAPI" name="test_post_land_cost_data_persists" time="0.648" /><testcase classname="backend.tests.test_land_cost.TestLandCostAPI" name="test_get_land_cost_empty_project_returns_defaults" time="0.579" /><testcase classname="backend.tests.test_land_cost.TestLandCostAPI" name="test_land_cost_total_calculation_correct" time="0.529" /><testcase classname="backend.tests.test_land_cost.TestLandCostAPI" name="test_land_cost_zero_values_handled" time="0.533" /><testcase classname="backend.tests.test_land_cost.TestLandCostAPI" name="test_land_cost_requires_authentication" time="0.694" /><testcase classname="backend.tests.test_land_cost.TestLandCostIntegration" name="test_land_cost_data_available_for_project_costs_page" time="0.654" /></testsuite></testsuites>