<?xml version="1.0" encoding="utf-8"?><testsuites name="pytest tests"><testsuite name="pytest" errors="0" failures="0" skipped="0" tests="12" time="4.101" timestamp="2026-03-06T16:07:50.485684+00:00" hostname="agent-env-5d078fef-44a7-4a42-85d9-f42b5c5d623d"><testcase classname="backend.tests.test_enhanced_buildings.TestBuildingTypesAPI" name="test_get_building_types_returns_correct_types" time="0.346" /><testcase classname="backend.tests.test_enhanced_buildings.TestBuildingTypesAPI" name="test_building_types_have_correct_config" time="0.067" /><testcase classname="backend.tests.test_enhanced_buildings.TestBuildingTypesAPI" name="test_parking_options_exist" time="0.066" /><testcase classname="backend.tests.test_enhanced_buildings.TestSingleBuildingCreation" name="test_create_residential_tower" time="0.629" /><testcase classname="backend.tests.test_enhanced_buildings.TestSingleBuildingCreation" name="test_create_mixed_tower" time="0.073" /><testcase classname="backend.tests.test_enhanced_buildings.TestSingleBuildingCreation" name="test_create_row_house" time="0.088" /><testcase classname="backend.tests.test_enhanced_buildings.TestSingleBuildingCreation" name="test_create_bungalow" time="0.071" /><testcase classname="backend.tests.test_enhanced_buildings.TestBulkBuildingCreation" name="test_bulk_create_buildings" time="0.617" /><testcase classname="backend.tests.test_enhanced_buildings.TestBulkBuildingCreation" name="test_bulk_create_empty_names_fails" time="0.054" /><testcase classname="backend.tests.test_enhanced_buildings.TestBuildingUpdate" name="test_update_building_enhanced_fields" time="0.647" /><testcase classname="backend.tests.test_enhanced_buildings.TestBuildingDelete" name="test_delete_building" time="0.647" /><testcase classname="backend.tests.test_enhanced_buildings.TestBuildingsTableDisplay" name="test_buildings_list_has_display_fields" time="0.668" /></testsuite></testsuites>